*=*=*=*=*=*=*=*=*=*=*=*=*=*=*=*=*=*=*=*=*=*=*=*=*=*=*=*=*=*=*=*=*=*=*=*=
*                                                                      =
*                        Quick 1D DVR v 0.2.0                          =
*                                                                      =
*              An interface of yDVR for non-programmer                 =
*                                                                      =
*                Yu Zhai <yuzhai@mail.huiligroup.org>                  =
*                 Jilin University, Changchun, China                   =
*                                                                      =
*=*=*=*=*=*=*=*=*=*=*=*=*=*=*=*=*=*=*=*=*=*=*=*=*=*=*=*=*=*=*=*=*=*=*=*=
sample_hcl

*=*=*=*=*=*=*=*=*=*=*=*=*=*=*=*=*=*=*=*=*=*=*=*=*=*=*=*=*=*=*=*=*=*=*=*=
Step 1. Try the largest possible range defined by potential given.
*=*=*=*=*=*=*=*=*=*=*=*=*=*=*=*=*=*=*=*=*=*=*=*=*=*=*=*=*=*=*=*=*=*=*=*=
!!!Try different number of grids with boundary (0.6,2.49)...
________________________________________________________________________
    #Grids             E/cm-1     b avg. dE/cm-1  boundary chk/cm-1
________________________________________________________________________
        15         11981.3253                ---                ---
        16         13330.5257                ---                ---
        17         12585.8617                ---                ---
        18         12533.2655                ---                ---
        19         12800.5437                ---                ---
        20         12716.1636        69.85914974                ---
        21         12712.1461       -81.12598475                ---
        22         12728.6970        59.10084115                ---
        23         12726.7701        28.60693239                ---
        24         12725.5576       -11.30645874                ---
        25         12725.9177         4.05083467                ---
        26         12726.0197         2.20197462                ---
        27         12725.9815        -0.61094617                ---
        28         12725.9914        -0.05788467         0.00283123
________________________________________________________________________
!!!SincDVR converged with 28 points (threshold = 0.1 cm-1)!!!
Vibraional energy levels
________________________________________________________________________
  v      Energies(v)/cm_1           Gap(v)/cm_1
________________________________________________________________________
  0         1258.21745275            0.00000000
  1         3701.88726672         2443.66981396
  2         6070.12775985         4811.91030709
  3         8363.39442062         7105.17696787
  4        10581.79997367         9323.58252092
  5        12725.99143357        11467.77398082
________________________________________________________________________
Energies are written to sample_hcl_0.energies.txt
Eigenvectors are written to sample_hcl_0.eigenvectors.txt
Plot are written to sample_hcl_0.plot.txt

*=*=*=*=*=*=*=*=*=*=*=*=*=*=*=*=*=*=*=*=*=*=*=*=*=*=*=*=*=*=*=*=*=*=*=*=
Step 2. Further check boundary.
*=*=*=*=*=*=*=*=*=*=*=*=*=*=*=*=*=*=*=*=*=*=*=*=*=*=*=*=*=*=*=*=*=*=*=*=
Step 2.1. Left boundary.
Step 2.2. Right boundary.
The following step(s) will be based on new boundary without check.

*=*=*=*=*=*=*=*=*=*=*=*=*=*=*=*=*=*=*=*=*=*=*=*=*=*=*=*=*=*=*=*=*=*=*=*=
Step 3. Recalculate the energy levels on a shortened range.
*=*=*=*=*=*=*=*=*=*=*=*=*=*=*=*=*=*=*=*=*=*=*=*=*=*=*=*=*=*=*=*=*=*=*=*=
!!!Try different number of grids with boundary (0.795517,2.22931)...
________________________________________________________________________
    #Grids             E/cm-1     b avg. dE/cm-1  boundary chk/cm-1
________________________________________________________________________
        21         12725.9932         0.00176356                ---
________________________________________________________________________
!!!SincDVR converged with 21 points (threshold = 0.1 cm-1)!!!
Vibraional energy levels
________________________________________________________________________
  v      Energies(v)/cm_1           Gap(v)/cm_1
________________________________________________________________________
  0         1258.21745279            0.00000000
  1         3701.88726714         2443.66981435
  2         6070.12776264         4811.91030985
  3         8363.39443407         7105.17698128
  4        10581.80005517         9323.58260239
  5        12725.99319713        11467.77574434
________________________________________________________________________
Energies are written to sample_hcl.energies.txt
Eigenvectors are written to sample_hcl.eigenvectors.txt
Plot are written to sample_hcl.plot.txt
Quick 1D DVR ends normally.

