[15:34:16] yDVR > *** Open the log file, and the date is 2020-07-20
[15:34:16] yDVR > 
[15:34:16] yDVR > ============================ class sincDVR ============================
[15:34:16] yDVR > 
[15:34:16] yDVR > Reference: 
[15:34:16] yDVR >   D. T. Colbert and W. H. Miller, J. Chem. Phys. 96, 1982 (1992) doi:10.1063/1.462100
[15:34:16] yDVR > 
[15:34:16] yDVR > |   Calculate Sinc-DVR grids...
[15:34:16] yDVR > |   done.
[15:34:16] yDVR > |   Calculate Sinc-DVR kinetic matrix...
[15:34:16] yDVR > |   done.
[15:34:16] yDVR > 
[15:34:16] yDVR > ============================ class sincDVR ============================
[15:34:16] yDVR > 
[15:34:16] yDVR > Reference: 
[15:34:16] yDVR >   D. T. Colbert and W. H. Miller, J. Chem. Phys. 96, 1982 (1992) doi:10.1063/1.462100
[15:34:16] yDVR > 
[15:34:16] yDVR > |   Calculate Sinc-DVR grids...
[15:34:16] yDVR > |   done.
[15:34:16] yDVR > |   Calculate Sinc-DVR kinetic matrix...
[15:34:16] yDVR > |   done.
[15:34:16] yDVR > 
[15:34:16] yDVR > ============================ class sincDVR ============================
[15:34:16] yDVR > 
[15:34:16] yDVR > Reference: 
[15:34:16] yDVR >   D. T. Colbert and W. H. Miller, J. Chem. Phys. 96, 1982 (1992) doi:10.1063/1.462100
[15:34:16] yDVR > 
[15:34:16] yDVR > |   Calculate Sinc-DVR grids...
[15:34:16] yDVR > |   done.
[15:34:16] yDVR > |   Calculate Sinc-DVR kinetic matrix...
[15:34:16] yDVR > |   done.
[15:34:16] yDVR > 
[15:34:16] yDVR > ============================ class sincDVR ============================
[15:34:16] yDVR > 
[15:34:16] yDVR > Reference: 
[15:34:16] yDVR >   D. T. Colbert and W. H. Miller, J. Chem. Phys. 96, 1982 (1992) doi:10.1063/1.462100
[15:34:16] yDVR > 
[15:34:16] yDVR > |   Calculate Sinc-DVR grids...
[15:34:16] yDVR > |   done.
[15:34:16] yDVR > |   Calculate Sinc-DVR kinetic matrix...
[15:34:16] yDVR > |   done.
